# JRE version: OpenJDK Runtime Environment (11.0.8+10) (build 11.0.8+10-b944.6842174)
# Java VM: OpenJDK 64-Bit Server VM (11.0.8+10-b944.6842174, mixed mode, tiered, compressed oops, g1 gc, windows-amd64)
Heap:
 garbage-first heap   total 287744K, used 188081K [0x00000006e0000000, 0x0000000800000000)
  region size 1024K, 61 young (62464K), 3 survivors (3072K)
 Metaspace       used 86284K, capacity 90861K, committed 90992K, reserved 1128448K
  class space    used 11161K, capacity 12592K, committed 12620K, reserved 1048576K
GC Heap History (20 events):
Event: 38.576 GC heap before
{Heap before GC invocations=13 (full 0):
 garbage-first heap   total 165888K, used 106333K [0x00000006e0000000, 0x0000000800000000)
  region size 1024K, 69 young (70656K), 5 survivors (5120K)
 Metaspace       used 58226K, capacity 59855K, committed 59940K, reserved 1101824K
  class space    used 7361K, capacity 7930K, committed 7936K, reserved 1048576K
}
Event: 38.623 GC heap after
{Heap after GC invocations=14 (full 0):
 garbage-first heap   total 199680K, used 49152K [0x00000006e0000000, 0x0000000800000000)
  region size 1024K, 11 young (11264K), 11 survivors (11264K)
 Metaspace       used 58226K, capacity 59855K, committed 59940K, reserved 1101824K
  class space    used 7361K, capacity 7930K, committed 7936K, reserved 1048576K
}
Event: 43.362 GC heap before
{Heap before GC invocations=15 (full 0):
 garbage-first heap   total 199680K, used 133120K [0x00000006e0000000, 0x0000000800000000)
  region size 1024K, 93 young (95232K), 11 survivors (11264K)
 Metaspace       used 64934K, capacity 66803K, committed 66928K, reserved 1107968K
  class space    used 8340K, capacity 9014K, committed 9036K, reserved 1048576K
}
Event: 43.425 GC heap after
{Heap after GC invocations=16 (full 0):
 garbage-first heap   total 199680K, used 53878K [0x00000006e0000000, 0x0000000800000000)
  region size 1024K, 5 young (5120K), 5 survivors (5120K)
 Metaspace       used 64934K, capacity 66803K, committed 66928K, reserved 1107968K
  class space    used 8340K, capacity 9014K, committed 9036K, reserved 1048576K
}
Event: 48.940 GC heap before
{Heap before GC invocations=16 (full 0):
 garbage-first heap   total 199680K, used 143990K [0x00000006e0000000, 0x0000000800000000)
  region size 1024K, 90 young (92160K), 5 survivors (5120K)
 Metaspace       used 68980K, capacity 71233K, committed 71536K, reserved 1112064K
  class space    used 8889K, capacity 9681K, committed 9804K, reserved 1048576K
}
Event: 48.979 GC heap after
{Heap after GC invocations=17 (full 0):
 garbage-first heap   total 199680K, used 65891K [0x00000006e0000000, 0x0000000800000000)
  region size 1024K, 12 young (12288K), 12 survivors (12288K)
 Metaspace       used 68980K, capacity 71233K, committed 71536K, reserved 1112064K
  class space    used 8889K, capacity 9681K, committed 9804K, reserved 1048576K
}
Event: 54.046 GC heap before
{Heap before GC invocations=17 (full 0):
 garbage-first heap   total 199680K, used 147811K [0x00000006e0000000, 0x0000000800000000)
  region size 1024K, 93 young (95232K), 12 survivors (12288K)
 Metaspace       used 73201K, capacity 76119K, committed 76272K, reserved 1116160K
  class space    used 9407K, capacity 10377K, committed 10444K, reserved 1048576K
}
Event: 54.115 GC heap after
{Heap after GC invocations=18 (full 0):
 garbage-first heap   total 199680K, used 76969K [0x00000006e0000000, 0x0000000800000000)
  region size 1024K, 11 young (11264K), 11 survivors (11264K)
 Metaspace       used 73201K, capacity 76119K, committed 76272K, reserved 1116160K
  class space    used 9407K, capacity 10377K, committed 10444K, reserved 1048576K
}
Event: 60.266 GC heap before
{Heap before GC invocations=18 (full 0):
 garbage-first heap   total 199680K, used 151721K [0x00000006e0000000, 0x0000000800000000)
  region size 1024K, 85 young (87040K), 11 survivors (11264K)
 Metaspace       used 74598K, capacity 78731K, committed 79088K, reserved 1118208K
  class space    used 9575K, capacity 10830K, committed 10956K, reserved 1048576K
}
Event: 60.335 GC heap after
{Heap after GC invocations=19 (full 0):
 garbage-first heap   total 199680K, used 88508K [0x00000006e0000000, 0x0000000800000000)
  region size 1024K, 11 young (11264K), 11 survivors (11264K)
 Metaspace       used 74598K, capacity 78731K, committed 79088K, reserved 1118208K
  class space    used 9575K, capacity 10830K, committed 10956K, reserved 1048576K
}
Event: 64.160 GC heap before
{Heap before GC invocations=19 (full 0):
 garbage-first heap   total 199680K, used 153020K [0x00000006e0000000, 0x0000000800000000)
  region size 1024K, 74 young (75776K), 11 survivors (11264K)
 Metaspace       used 78219K, capacity 82449K, committed 82672K, reserved 1120256K
  class space    used 10130K, capacity 11411K, committed 11468K, reserved 1048576K
}
Event: 64.224 GC heap after
{Heap after GC invocations=20 (full 0):
 garbage-first heap   total 239616K, used 96159K [0x00000006e0000000, 0x0000000800000000)
  region size 1024K, 7 young (7168K), 7 survivors (7168K)
 Metaspace       used 78219K, capacity 82449K, committed 82672K, reserved 1120256K
  class space    used 10130K, capacity 11411K, committed 11468K, reserved 1048576K
}
Event: 69.466 GC heap before
{Heap before GC invocations=20 (full 0):
 garbage-first heap   total 239616K, used 175007K [0x00000006e0000000, 0x0000000800000000)
  region size 1024K, 83 young (84992K), 7 survivors (7168K)
 Metaspace       used 80334K, capacity 84627K, committed 84848K, reserved 1122304K
  class space    used 10382K, capacity 11728K, committed 11852K, reserved 1048576K
}
Event: 69.538 GC heap after
{Heap after GC invocations=21 (full 0):
 garbage-first heap   total 239616K, used 107520K [0x00000006e0000000, 0x0000000800000000)
  region size 1024K, 11 young (11264K), 11 survivors (11264K)
 Metaspace       used 80334K, capacity 84627K, committed 84848K, reserved 1122304K
  class space    used 10382K, capacity 11728K, committed 11852K, reserved 1048576K
}
Event: 73.811 GC heap before
{Heap before GC invocations=21 (full 0):
 garbage-first heap   total 239616K, used 181248K [0x00000006e0000000, 0x0000000800000000)
  region size 1024K, 83 young (84992K), 11 survivors (11264K)
 Metaspace       used 81020K, capacity 85340K, committed 85616K, reserved 1124352K
  class space    used 10438K, capacity 11784K, committed 11852K, reserved 1048576K
}
Event: 73.893 GC heap after
{Heap after GC invocations=22 (full 0):
 garbage-first heap   total 239616K, used 118469K [0x00000006e0000000, 0x0000000800000000)
  region size 1024K, 11 young (11264K), 11 survivors (11264K)
 Metaspace       used 81020K, capacity 85340K, committed 85616K, reserved 1124352K
  class space    used 10438K, capacity 11784K, committed 11852K, reserved 1048576K
}
Event: 78.475 GC heap before
{Heap before GC invocations=22 (full 0):
 garbage-first heap   total 239616K, used 186053K [0x00000006e0000000, 0x0000000800000000)
  region size 1024K, 78 young (79872K), 11 survivors (11264K)
 Metaspace       used 84924K, capacity 89453K, committed 89584K, reserved 1126400K
  class space    used 10967K, capacity 12366K, committed 12492K, reserved 1048576K
}
Event: 78.531 GC heap after
{Heap after GC invocations=23 (full 0):
 garbage-first heap   total 239616K, used 124314K [0x00000006e0000000, 0x0000000800000000)
  region size 1024K, 7 young (7168K), 7 survivors (7168K)
 Metaspace       used 84924K, capacity 89453K, committed 89584K, reserved 1126400K
  class space    used 10967K, capacity 12366K, committed 12492K, reserved 1048576K
}
Event: 79.947 GC heap before
{Heap before GC invocations=23 (full 0):
 garbage-first heap   total 239616K, used 144794K [0x00000006e0000000, 0x0000000800000000)
  region size 1024K, 28 young (28672K), 7 survivors (7168K)
 Metaspace       used 85758K, capacity 90320K, committed 90480K, reserved 1128448K
  class space    used 11082K, capacity 12521K, committed 12620K, reserved 1048576K
}
Event: 79.981 GC heap after
{Heap after GC invocations=24 (full 0):
 garbage-first heap   total 287744K, used 126641K [0x00000006e0000000, 0x0000000800000000)
  region size 1024K, 3 young (3072K), 3 survivors (3072K)
 Metaspace       used 85758K, capacity 90320K, committed 90480K, reserved 1128448K
  class space    used 11082K, capacity 12521K, committed 12620K, reserved 1048576K
}

